<?xml version="1.0" encoding="UTF-8"?>
<testsuite name="quotes.AppTest" tests="1" skipped="0" failures="0" errors="0" timestamp="2021-10-06T16:38:19" hostname="LTUCSTUDENT-L108" time="0.199">
  <properties/>
  <testcase name="testAPI()" classname="quotes.AppTest" time="0.199"/>
  <system-out><![CDATA[]]></system-out>
  <system-err><![CDATA[]]></system-err>
</testsuite>
